<?xml version="1.0" encoding="UTF-8"?>
<testng-results ignored="0" total="1" passed="1" failed="0" skipped="0">
  <reporter-output>
  </reporter-output>
  <suite started-at="2024-02-05T15:32:17 IST" name="Default suite" finished-at="2024-02-05T15:32:40 IST" duration-ms="23550">
    <groups>
    </groups>
    <test started-at="2024-02-05T15:32:17 IST" name="Default test" finished-at="2024-02-05T15:32:40 IST" duration-ms="23550">
      <class name="Bodt.io.verifiyBookAcallLInk">
        <test-method signature="verifiyLinkBookAcallLInk()[pri:0, instance:Bodt.io.verifiyBookAcallLInk@778d1062]" started-at="2024-02-05T15:32:17 IST" name="verifiyLinkBookAcallLInk" finished-at="2024-02-05T15:32:40 IST" duration-ms="23503" status="PASS">
          <reporter-output>
          </reporter-output>
        </test-method> <!-- verifiyLinkBookAcallLInk -->
      </class> <!-- Bodt.io.verifiyBookAcallLInk -->
    </test> <!-- Default test -->
  </suite> <!-- Default suite -->
</testng-results>
